make all --print-data-base --no-builtin-variables --no-builtin-rules --question
# GNU Make 4.3
# Built for x86_64-pc-linux-gnu
# Copyright (C) 1988-2020 Free Software Foundation, Inc.
# License GPLv3+: GNU GPL version 3 or later <http://gnu.org/licenses/gpl.html>
# This is free software: you are free to change and redistribute it.
# There is NO WARRANTY, to the extent permitted by law.

# Make data base, printed on Tue Jul 12 17:34:29 2022

# Variables

# environment
GDK_BACKEND = x11
# environment
LC_ALL = C
# environment
NO_AT_BRIDGE = 1
# makefile (from 'makefile', line 5)
SRC := src
# environment
GTK_RC_FILES = /etc/gtk/gtkrc:/home/wolfm/.gtkrc:/home/wolfm/.config/gtkrc
# environment
SNAP_INSTANCE_KEY = 
# environment
LC_NAME = en_US.UTF-8
# environment
LC_NUMERIC = en_US.UTF-8
# environment
VSCODE_CWD = /home/wolfm
# environment
LC_ADDRESS = en_US.UTF-8
# default
MAKE_COMMAND := make
# environment
GTK3_MODULES = xapp-gtk3-module
# automatic
@D = $(patsubst %/,%,$(dir $@))
# environment
SNAP_INSTANCE_NAME = code
# environment
GDK_PIXBUF_MODULEDIR = /snap/code/100/usr/lib/x86_64-linux-gnu/gdk-pixbuf-2.0/2.10.0/loaders
# environment
VSCODE_HANDLES_UNCAUGHT_ERRORS = true
# default
.VARIABLES := 
# environment
PWD = /home/wolfm/Documents/Projects/OpenGL development/Poeisis
# automatic
%D = $(patsubst %/,%,$(dir $%))
# environment
MAIL = /var/spool/mail/wolfm
# environment
XDG_DATA_DIRS = /home/wolfm/.local/share/flatpak/exports/share:/var/lib/flatpak/exports/share:/usr/local/share:/usr/share:/var/lib/snapd/desktop
# automatic
^D = $(patsubst %/,%,$(dir $^))
# automatic
%F = $(notdir $%)
# environment
VSCODE_CODE_CACHE_PATH = /home/wolfm/.config/Code/CachedData/92d25e35d9bf1a6b16f7d0758f25d48ace11e5b9
# environment
XDG_SESSION_PATH = /org/freedesktop/DisplayManager/Session1
# environment
LANG = C
# environment
XAUTHORITY = /home/wolfm/.Xauthority
# default
.LOADED := 
# default
.INCLUDE_DIRS = /usr/include /usr/local/include /usr/include
# makefile
MAKEFLAGS = pqrR
# makefile
CURDIR := /home/wolfm/Documents/Projects/OpenGL development/Poeisis
# environment
APPLICATION_INSIGHTS_NO_DIAGNOSTIC_CHANNEL = 1
# automatic
*D = $(patsubst %/,%,$(dir $*))
# environment
PAM_KWALLET5_LOGIN = /run/user/1000/kwallet5.socket
# environment
MFLAGS = -pqrR
# default
.SHELLFLAGS := -c
# environment
QT_LINUX_ACCESSIBILITY_ALWAYS_ON = 1
# environment
XDG_CONFIG_DIRS = /home/wolfm/.config/kdedefaults:/etc/xdg
# automatic
+D = $(patsubst %/,%,$(dir $+))
# environment
XCURSOR_THEME = Sweet-cursors
# environment
XDG_SESSION_DESKTOP = KDE
# makefile (from 'makefile', line 1)
MAKEFILE_LIST := makefile
# environment
SNAP_REEXEC = 
# automatic
@F = $(notdir $@)
# environment
VSCODE_PID = 12647
# environment
XDG_SESSION_TYPE = x11
# automatic
?D = $(patsubst %/,%,$(dir $?))
# environment
BAMF_DESKTOP_FILE_HINT = /var/lib/snapd/desktop/applications/code_code.desktop
# environment
SESSION_MANAGER = local/wolf-82l5:@/tmp/.ICE-unix/1632,unix/wolf-82l5:/tmp/.ICE-unix/1632
# automatic
*F = $(notdir $*)
# environment
CHROME_DESKTOP = code-url-handler.desktop
# environment
DBUS_SESSION_BUS_ADDRESS = unix:path=/run/user/1000/bus
# automatic
<D = $(patsubst %/,%,$(dir $<))
# environment
VSCODE_NLS_CONFIG = {"locale":"en-us","availableLanguages":{},"_languagePackSupport":true}
# makefile (from 'makefile', line 6)
INCLUDE := include
# default
MAKE_HOST := x86_64-pc-linux-gnu
# makefile
SHELL = /bin/sh
# default
MAKECMDGOALS := all
# environment
SHLVL = 1
# environment
MAKELEVEL := 0
# default
MAKE = $(MAKE_COMMAND)
# environment
SNAP_COOKIE = Eytmo2Ai8s65BqEh4QnjjIsGLGegOIW7e78sYQMfuYcc7Nq9aSgV
# environment
PATH = /home/wolfm/.local/bin:/usr/local/sbin:/usr/local/bin:/usr/bin:/usr/lib/jvm/default/bin:/usr/bin/site_perl:/usr/bin/vendor_perl:/usr/bin/core_perl:/var/lib/snapd/snap/bin
# default
MAKEFILES := 
# environment
LC_MONETARY = en_US.UTF-8
# environment
MOTD_SHOWN = pam
# automatic
^F = $(notdir $^)
# environment
SNAP_USER_COMMON = /home/wolfm/snap/code/common
# environment
LC_TIME = en_US.UTF-8
# environment
SNAP = /snap/code/100
# environment
SNAP_REVISION = 100
# environment
SNAP_REAL_HOME = /home/wolfm
# environment
LC_TELEPHONE = en_US.UTF-8
# automatic
?F = $(notdir $?)
# environment
KDE_APPLICATIONS_AS_SCOPE = 1
# environment
XDG_SEAT = seat0
# environment
XDG_CURRENT_DESKTOP = KDE
# environment
LS_COLORS = 
# automatic
+F = $(notdir $+)
# environment
XDG_SEAT_PATH = /org/freedesktop/DisplayManager/Seat0
# environment
DESKTOP_SESSION = plasma
# environment
ORIGINAL_XDG_CURRENT_DESKTOP = KDE
# 'override' directive
GNUMAKEFLAGS := 
# environment
LOGNAME = wolfm
# environment
SNAP_ARCH = amd64
# environment
XDG_VTNR = 1
# makefile
.DEFAULT_GOAL := all
# environment
SYSTEMD_EXEC_PID = 1529
# environment
DISPLAY = :0
# environment
GTK_MODULES = canberra-gtk-module
# environment
USER = wolfm
# default
MAKE_VERSION := 4.3
# environment
KDE_SESSION_UID = 1000
# environment
DISABLE_WAYLAND = 1
# environment
SNAP_DATA = /var/snap/code/100
# environment
SNAP_CONTEXT = Eytmo2Ai8s65BqEh4QnjjIsGLGegOIW7e78sYQMfuYcc7Nq9aSgV
# makefile (from 'makefile', line 9)
EXECUTABLE := Poeisis.exe
# environment
LC_MEASUREMENT = en_US.UTF-8
# environment
DEBUGINFOD_URLS = https://debuginfod.archlinux.org 
# makefile (from 'makefile', line 2)
CXX_FLAGS := -std=c++17 -ggdb
# environment
_ = /usr/bin/make
# environment
LC_PAPER = en_US.UTF-8
# makefile (from 'makefile', line 4)
BIN := bin
# environment
XDG_RUNTIME_DIR = /run/user/1000
# environment
GDK_PIXBUF_MODULE_FILE = /home/wolfm/snap/code/common/.cache/gdk-pixbuf-loaders.cache
# environment
XDG_SESSION_CLASS = user
# makefile (from 'makefile', line 8)
LIBRARIES := 
# environment
VSCODE_AMD_ENTRYPOINT = vs/workbench/api/node/extensionHostProcess
# environment
GTK2_RC_FILES = /etc/gtk-2.0/gtkrc:/home/wolfm/.gtkrc-2.0:/home/wolfm/.config/gtkrc-2.0
# environment
HOME = /home/wolfm
# environment
ELECTRON_RUN_AS_NODE = 1
# environment
VSCODE_IPC_HOOK = /run/user/1000/vscode-e0fbbfb7-1.69.0-main.sock
# environment
HG = /usr/bin/hg
# environment
SNAP_NAME = code
# environment
GSETTINGS_SCHEMA_DIR = /snap/code/100/usr/share/glib-2.0/schemas
# environment
XDG_SESSION_ID = 2
# environment
XCURSOR_SIZE = 24
# default
.RECIPEPREFIX := 
# automatic
<F = $(notdir $<)
# environment
SNAP_VERSION = 92d25e35
# default
SUFFIXES := 
# environment
QT_AUTO_SCREEN_SCALE_FACTOR = 0
# environment
VSCODE_CLI = 1
# environment
ELECTRON_NO_ATTACH_CONSOLE = 1
# environment
SNAP_COMMON = /var/snap/code/common
# environment
KDE_SESSION_VERSION = 5
# default
.FEATURES := target-specific order-only second-expansion else-if shortest-stem undefine oneshell nocomment grouped-target extra-prereqs archives jobserver output-sync check-symlink guile load
# makefile (from 'makefile', line 1)
CXX := g++
# environment
KDE_FULL_SESSION = true
# environment
SNAP_USER_DATA = /home/wolfm/snap/code/100
# environment
LC_IDENTIFICATION = en_US.UTF-8
# environment
SNAP_LIBRARY_PATH = /var/lib/snapd/lib/gl:/var/lib/snapd/lib/gl32:/var/lib/snapd/void
# variable set hash-table stats:
# Load=132/1024=13%, Rehash=0, Collisions=26/172=15%

# Pattern-specific Variable Values

# No pattern-specific variable values.

# Directories

# src/game/scene (device 66309, inode 3289036): 4 files, no impossibilities.
 
# src (device 66309, inode 3279443): 10 files, no impossibilities.
# . (device 66309, inode 11277554): 10 files, no impossibilities.
# src/shapes (device 66309, inode 3289031): 4 files, no impossibilities.
# src/rendering (device 66309, inode 3279594): 4 files, no impossibilities.
# src/resource_handling (device 66309, inode 3279587): 4 files, no impossibilities.
# src/game/particles (device 66309, inode 3289037): 4 files, no impossibilities.

# 40 files, no impossibilities in 7 directories.

# Implicit Rules

# No implicit rules.

# Files

# Not a target:
libs/glad.c:
#  Implicit rule search has been done.
#  Last modified 2022-04-24 18:27:51.344690122
#  File has been updated.
#  Successfully updated.

# Not a target:
src/rendering/shader.cpp:
#  Implicit rule search has been done.
#  Last modified 2022-07-02 20:42:51.570616059
#  File has been updated.
#  Successfully updated.

# Not a target:
src/main.cpp:
#  Implicit rule search has been done.
#  Last modified 2022-04-24 18:33:02.581764578
#  File has been updated.
#  Successfully updated.

clean:
#  Implicit rule search has not been done.
#  Modification time never checked.
#  File has not been updated.
#  recipe to execute (from 'makefile', line 28):
	-rm $(BIN)/*

# Not a target:
src/shapes/square.cpp:
#  Implicit rule search has been done.
#  Last modified 2022-07-12 16:37:56.570242911
#  File has been updated.
#  Successfully updated.

bin/Poeisis.exe: src/game.cpp src/main.cpp src/shapes/square.cpp src/rendering/shader.cpp src/resource_handling/resourceManager.cpp src/game/particles/particle.cpp src/game/scene/world.cpp libs/glad.c
#  Implicit rule search has not been done.
#  Last modified 2022-07-12 17:33:48.745522572
#  File has been updated.
#  Successfully updated.
#  recipe to execute (from 'makefile', line 25):
	$(CXX) $(CXX_FLAGS) -I$(SRC) $^ -o $@ $(LIBRARIES) -lGL -lglfw3 -lX11 -lXxf86vm -lXrandr -lpthread -lXi -ldl -lXinerama -lXcursor -lGLEW

# Not a target:
src/game/scene/world.cpp:
#  Implicit rule search has been done.
#  Last modified 2022-07-12 17:33:38.662084047
#  File has been updated.
#  Successfully updated.

# Not a target:
.DEFAULT:
#  Implicit rule search has not been done.
#  Modification time never checked.
#  File has not been updated.

all: bin/Poeisis.exe
#  Command line target.
#  Implicit rule search has been done.
#  File does not exist.
#  File has been updated.
#  Successfully updated.

run: clean all
#  Implicit rule search has not been done.
#  Modification time never checked.
#  File has not been updated.
#  recipe to execute (from 'makefile', line 15):
	clear
	./$(BIN)/$(EXECUTABLE)

# Not a target:
src/game.cpp:
#  Implicit rule search has been done.
#  Last modified 2022-07-12 16:53:59.823084201
#  File has been updated.
#  Successfully updated.

# Not a target:
makefile:
#  Implicit rule search has been done.
#  Last modified 2022-07-06 20:54:27.488759513
#  File has been updated.
#  Successfully updated.

# Not a target:
src/game/particles/particle.cpp:
#  Implicit rule search has been done.
#  Last modified 2022-07-12 17:33:42.265454964
#  File has been updated.
#  Successfully updated.

# Not a target:
src/resource_handling/resourceManager.cpp:
#  Implicit rule search has been done.
#  Last modified 2022-07-02 20:50:30.663058439
#  File has been updated.
#  Successfully updated.

# files hash-table stats:
# Load=15/1024=1%, Rehash=0, Collisions=0/39=0%
# VPATH Search Paths

# No 'vpath' search paths.

# No general ('VPATH' variable) search path.

# strcache buffers: 1 (0) / strings = 49 / storage = 600 B / avg = 12 B
# current buf: size = 8162 B / used = 600 B / count = 49 / avg = 12 B

# strcache performance: lookups = 74 / hit rate = 33%
# hash-table stats:
# Load=49/8192=1%, Rehash=0, Collisions=0/74=0%
# Finished Make data base on Tue Jul 12 17:34:29 2022

 
